AMBS.NK.D00.D00209-D00261
AMBS.NK.D02.D02143-D02143
AMBS.NK.D05.D05040-D05040
AMBS.NL.D03.D03294-D03294
AMBS.NL.D04.D04132-D04133
AMBX.NK.D00.D00001-D00366
AMBX.NK.D01.D01001-D01365
AMBX.NK.D02.D02001-D02365
AMBX.NK.D03.D03001-D03365
AMBX.NK.D04.D04001-D04366
AMBX.NK.D05.D05001-D05365
AMBX.NK.D06.D06001-D06365
AMBX.NK.D07.D07001-D07365
AMBX.NK.D08.D08001-D08366
AMBX.NK.D09.D09001-D09365
AMBX.NK.D10.D10001-D10365
AMBX.NK.D11.D11001-D11365
AMBX.NK.D12.D12001-D12366
AMBX.NK.D13.D13001-D13365
AMBX.NK.D14.D14001-D14191
AMBX.NK.D98.D98299-D98365
AMBX.NK.D99.D99001-D99365
AMBX.NL.D01.D01024-D01365
AMBX.NL.D02.D02001-D02365
AMBX.NL.D03.D03001-D03365
AMBX.NL.D04.D04001-D04366
AMBX.NL.D05.D05001-D05365
AMBX.NL.D06.D06001-D06365
AMBX.NL.D07.D07001-D07365
AMBX.NL.D08.D08001-D08366
AMBX.NL.D09.D09001-D09365
AMBX.NL.D10.D10001-D10365
AMBX.NL.D11.D11001-D11365
AMBX.NL.D12.D12001-D12366
AMBX.NL.D13.D13001-D13365
AMBX.NL.D14.D14001-D14156
AMBX.NM.D02.D02236-D02365
AMBX.NM.D03.D03001-D03365
AMBX.NM.D04.D04001-D04366
AMBX.NM.D05.D05001-D05365
AMBX.NM.D06.D06001-D06365
AMBX.NM.D07.D07001-D07365
AMBX.NM.D08.D08001-D08366
AMBX.NM.D09.D09001-D09365
AMBX.NM.D10.D10001-D10365
AMBX.NM.D11.D11001-D11365
AMBX.NM.D12.D12001-D12366
AMBX.NM.D13.D13001-D13100
s.-
