HIRS.NE.D85.D85202-D85284
HIRS.NF.D85.D85106-D85289
HIRS.NF.D86.D86061-D86341
HIRS.NF.D87.D87043-D87318
HIRS.NF.D88.D88032-D88312
HIRS.NG.D86.D86332-D86365
HIRS.NG.D87.D87001-D87313
HIRS.NG.D88.D88032-D88364
HIRS.NG.D89.D89018-D89023
HIRS.NH.D00.D00001-D00117
HIRS.NH.D88.D88315-D88363
HIRS.NH.D89.D89018-D89018
HIRS.NH.D97.D97196-D97365
HIRS.NH.D98.D98001-D98365
HIRS.NH.D99.D99001-D99365
HIRS.NJ.D02.D02281-D02365
HIRS.NJ.D03.D03001-D03365
HIRS.NJ.D04.D04001-D04366
HIRS.NJ.D05.D05001-D05365
HIRS.NJ.D06.D06001-D06283
HIRS.NK.D00.D00230-D00230
HIRS.NK.D02.D02143-D02143
HIRS.NK.D05.D05040-D05040
HIRS.NL.D04.D04132-D04133
HIRX.M1.D13.D13015-D13365
HIRX.M1.D14.D14001-D14191
HIRX.M2.D07.D07141-D07365
HIRX.M2.D08.D08001-D08366
HIRX.M2.D09.D09001-D09365
HIRX.M2.D10.D10001-D10365
HIRX.M2.D11.D11001-D11365
HIRX.M2.D12.D12001-D12366
HIRX.M2.D13.D13001-D13365
HIRX.M2.D14.D14001-D14191
HIRX.NA.D79.D79181-D79365
HIRX.NA.D80.D80001-D80366
HIRX.NA.D81.D81001-D81365
HIRX.NA.D82.D82001-D82365
HIRX.NA.D83.D83001-D83064
HIRX.NC.D81.D81236-D81365
HIRX.NC.D82.D82001-D82365
HIRX.NC.D83.D83001-D83365
HIRX.NC.D84.D84001-D84366
HIRX.NC.D85.D85001-D85032
HIRX.ND.D91.D91259-D91365
HIRX.ND.D92.D92001-D92366
HIRX.ND.D93.D93001-D93365
HIRX.ND.D94.D94001-D94365
HIRX.ND.D95.D95001-D95365
HIRX.ND.D96.D96001-D96366
HIRX.ND.D97.D97001-D97365
HIRX.ND.D98.D98001-D98348
HIRX.NE.D83.D83123-D83365
HIRX.NE.D84.D84001-D84172
HIRX.NE.D85.D85182-D85287
HIRX.NF.D85.D85056-D85365
HIRX.NF.D86.D86001-D86365
HIRX.NF.D87.D87001-D87365
HIRX.NF.D88.D88001-D88311
HIRX.NG.D86.D86329-D86365
HIRX.NG.D87.D87001-D87365
HIRX.NG.D88.D88001-D88366
HIRX.NG.D89.D89001-D89365
HIRX.NG.D90.D90001-D90365
HIRX.NG.D91.D91001-D91259
HIRX.NH.D88.D88313-D88366
HIRX.NH.D89.D89001-D89365
HIRX.NH.D90.D90001-D90365
HIRX.NH.D91.D91001-D91365
HIRX.NH.D92.D92001-D92366
HIRX.NH.D93.D93001-D93365
HIRX.NH.D94.D94001-D94365
HIRX.NH.D95.D95001-D95100
HIRX.NJ.D00.D00001-D00366
HIRX.NJ.D01.D01001-D01365
HIRX.NJ.D02.D02001-D02280
HIRX.NJ.D95.D95001-D95365
HIRX.NJ.D96.D96001-D96366
HIRX.NJ.D97.D97001-D97365
HIRX.NJ.D98.D98001-D98365
HIRX.NJ.D99.D99001-D99365
HIRX.NK.D00.D00001-D00366
HIRX.NK.D01.D01001-D01365
HIRX.NK.D02.D02001-D02365
HIRX.NK.D03.D03001-D03365
HIRX.NK.D04.D04001-D04366
HIRX.NK.D05.D05001-D05365
HIRX.NK.D06.D06001-D06365
HIRX.NK.D07.D07001-D07365
HIRX.NK.D08.D08001-D08366
HIRX.NK.D09.D09001-D09365
HIRX.NK.D10.D10001-D10365
HIRX.NK.D11.D11001-D11365
HIRX.NK.D12.D12001-D12366
HIRX.NK.D13.D13001-D13365
HIRX.NK.D14.D14001-D14191
HIRX.NK.D98.D98299-D98365
HIRX.NK.D99.D99001-D99365
HIRX.NL.D01.D01057-D01365
HIRX.NL.D02.D02001-D02365
HIRX.NL.D03.D03001-D03365
HIRX.NL.D04.D04001-D04366
HIRX.NL.D05.D05001-D05365
HIRX.NL.D06.D06001-D06365
HIRX.NL.D07.D07001-D07365
HIRX.NL.D08.D08001-D08366
HIRX.NL.D09.D09001-D09365
HIRX.NL.D10.D10001-D10365
HIRX.NL.D11.D11001-D11365
HIRX.NL.D12.D12001-D12366
HIRX.NL.D13.D13001-D13365
HIRX.NL.D14.D14001-D14156
HIRX.NM.D02.D02236-D02365
HIRX.NM.D03.D03001-D03365
HIRX.NM.D04.D04001-D04366
HIRX.NM.D05.D05001-D05365
HIRX.NM.D06.D06001-D06365
HIRX.NM.D07.D07001-D07365
HIRX.NM.D08.D08001-D08366
HIRX.NM.D09.D09001-D09365
HIRX.NM.D10.D10001-D10365
HIRX.NM.D11.D11001-D11365
HIRX.NM.D12.D12001-D12366
HIRX.NM.D13.D13001-D13099
HIRX.NN.D05.D05156-D05365
HIRX.NN.D06.D06001-D06365
HIRX.NN.D07.D07001-D07365
HIRX.NN.D08.D08001-D08366
HIRX.NN.D09.D09001-D09365
HIRX.NN.D10.D10001-D10365
HIRX.NN.D11.D11001-D11365
HIRX.NN.D12.D12001-D12366
HIRX.NN.D13.D13001-D13365
HIRX.NN.D14.D14001-D14191
HIRX.NP.D09.D09104-D09365
HIRX.NP.D10.D10001-D10365
HIRX.NP.D11.D11001-D11365
HIRX.NP.D12.D12001-D12366
HIRX.NP.D13.D13001-D13365
HIRX.NP.D14.D14001-D14191
HIRX.TN.D78.D78365-D78365
HIRX.TN.D79.D79001-D79365
HIRX.TN.D80.D80001-D80030
s.-
