AMAS.NK.D00.D00209-D00261
AMAS.NK.D02.D02143-D02143
AMAS.NK.D05.D05040-D05040
AMAS.NL.D03.D03294-D03294
AMAS.NL.D04.D04132-D04133
AMAX.M1.D13.D13015-D13365
AMAX.M1.D14.D14001-D14191
AMAX.M2.D07.D07141-D07365
AMAX.M2.D08.D08001-D08366
AMAX.M2.D09.D09001-D09365
AMAX.M2.D10.D10001-D10365
AMAX.M2.D11.D11001-D11365
AMAX.M2.D12.D12001-D12366
AMAX.M2.D13.D13001-D13365
AMAX.M2.D14.D14001-D14191
AMAX.NK.D00.D00001-D00366
AMAX.NK.D01.D01001-D01365
AMAX.NK.D02.D02001-D02365
AMAX.NK.D03.D03001-D03365
AMAX.NK.D04.D04001-D04366
AMAX.NK.D05.D05001-D05365
AMAX.NK.D06.D06001-D06365
AMAX.NK.D07.D07001-D07365
AMAX.NK.D08.D08001-D08366
AMAX.NK.D09.D09001-D09365
AMAX.NK.D10.D10001-D10365
AMAX.NK.D11.D11001-D11365
AMAX.NK.D12.D12001-D12366
AMAX.NK.D13.D13001-D13365
AMAX.NK.D14.D14001-D14191
AMAX.NK.D98.D98299-D98365
AMAX.NK.D99.D99001-D99365
AMAX.NL.D01.D01024-D01365
AMAX.NL.D02.D02001-D02365
AMAX.NL.D03.D03001-D03365
AMAX.NL.D04.D04001-D04366
AMAX.NL.D05.D05001-D05365
AMAX.NL.D06.D06001-D06365
AMAX.NL.D07.D07001-D07365
AMAX.NL.D08.D08001-D08366
AMAX.NL.D09.D09001-D09365
AMAX.NL.D10.D10001-D10365
AMAX.NL.D11.D11001-D11365
AMAX.NL.D12.D12001-D12366
AMAX.NL.D13.D13001-D13365
AMAX.NL.D14.D14001-D14156
AMAX.NM.D02.D02236-D02365
AMAX.NM.D03.D03001-D03365
AMAX.NM.D04.D04001-D04366
AMAX.NM.D05.D05001-D05365
AMAX.NM.D06.D06001-D06365
AMAX.NM.D07.D07001-D07365
AMAX.NM.D08.D08001-D08366
AMAX.NM.D09.D09001-D09365
AMAX.NM.D10.D10001-D10365
AMAX.NM.D11.D11001-D11365
AMAX.NM.D12.D12001-D12366
AMAX.NM.D13.D13001-D13100
AMAX.NN.D05.D05144-D05365
AMAX.NN.D06.D06001-D06365
AMAX.NN.D07.D07001-D07365
AMAX.NN.D08.D08001-D08366
AMAX.NN.D09.D09001-D09365
AMAX.NN.D10.D10001-D10365
AMAX.NN.D11.D11001-D11365
AMAX.NN.D12.D12001-D12366
AMAX.NN.D13.D13001-D13365
AMAX.NN.D14.D14001-D14191
AMAX.NP.D09.D09104-D09365
AMAX.NP.D10.D10001-D10365
AMAX.NP.D11.D11001-D11365
AMAX.NP.D12.D12001-D12366
AMAX.NP.D13.D13001-D13365
AMAX.NP.D14.D14001-D14191
s.-
