HIRX.NK.D00.D00001-D00366
HIRX.NK.D01.D01001-D01365
HIRX.NK.D02.D02001-D02365
HIRX.NK.D03.D03001-D03365
HIRX.NK.D04.D04001-D04366
HIRX.NK.D05.D05001-D05365
HIRX.NK.D06.D06001-D06365
HIRX.NK.D07.D07001-D07365
HIRX.NK.D08.D08001-D08366
HIRX.NK.D09.D09001-D09365
HIRX.NK.D10.D10001-D10365
HIRX.NK.D11.D11001-D11365
HIRX.NK.D12.D12001-D12366
HIRX.NK.D13.D13001-D13365
HIRX.NK.D14.D14001-D14191

HIRX.NK.D98.D98299-D98365
HIRX.NK.D99.D99001-D99365

HIRX.NL.D01.D01057-D01365
HIRX.NL.D02.D02001-D02365
HIRX.NL.D03.D03001-D03365
HIRX.NL.D04.D04001-D04366
HIRX.NL.D05.D05001-D05365
HIRX.NL.D06.D06001-D06365
HIRX.NL.D07.D07001-D07365
HIRX.NL.D08.D08001-D08366
HIRX.NL.D09.D09001-D09365
HIRX.NL.D10.D10001-D10365
HIRX.NL.D11.D11001-D11365
HIRX.NL.D12.D12001-D12366
HIRX.NL.D13.D13001-D13365
HIRX.NL.D14.D14001-D14156

HIRX.NM.D02.D02236-D02365
HIRX.NM.D03.D03001-D03365
HIRX.NM.D04.D04001-D04366
HIRX.NM.D05.D05001-D05365
HIRX.NM.D06.D06001-D06365
HIRX.NM.D07.D07001-D07365
HIRX.NM.D08.D08001-D08366
HIRX.NM.D09.D09001-D09365
HIRX.NM.D10.D10001-D10365
HIRX.NM.D11.D11001-D11365
HIRX.NM.D12.D12001-D12366
HIRX.NM.D13.D13001-D13099

HIRX.NN.D05.D05156-D05365
HIRX.NN.D06.D06001-D06365
HIRX.NN.D07.D07001-D07365
HIRX.NN.D08.D08001-D08366
HIRX.NN.D09.D09001-D09365
HIRX.NN.D10.D10001-D10365
HIRX.NN.D11.D11001-D11365
HIRX.NN.D12.D12001-D12366
HIRX.NN.D13.D13001-D13365
HIRX.NN.D14.D14001-D14191

HIRX.NP.D09.D09104-D09365
HIRX.NP.D10.D10001-D10365
HIRX.NP.D11.D11001-D11365
HIRX.NP.D12.D12001-D12366
HIRX.NP.D13.D13001-D13365
HIRX.NP.D14.D14001-D14191

HIRX.TN.D78.D78365-D78365
HIRX.TN.D79.D79001-D79365
HIRX.TN.D80.D80001-D80030
s.-
