AMAX.NK.D99.D99001-D99008
MSUS.NF.D88.D88310-D88312
MSUS.NG.D89.D89028-D89094
MSUS.NH.D88.D88315-D88345
MSUS.NH.D89.D89030-D89090
MSUS.NH.D97.D97196-D97365
MSUS.NH.D98.D98001-D98365
MSUS.NH.D99.D99001-D99058
MSUS.NJ.D02.D02281-D02365
MSUS.NJ.D03.D03001-D03365
MSUS.NJ.D04.D04001-D04366
MSUS.NJ.D05.D05001-D05365
MSUS.NJ.D06.D06001-D06283
MSUX.NA.D79.D79181-D79365
MSUX.NA.D80.D80001-D80366
MSUX.NA.D81.D81001-D81365
MSUX.NA.D82.D82001-D82365
MSUX.NA.D83.D83001-D83064
MSUX.NC.D81.D81236-D81365
MSUX.NC.D82.D82001-D82365
MSUX.NC.D83.D83001-D83365
MSUX.NC.D84.D84001-D84366
MSUX.NC.D85.D85001-D85032
MSUX.ND.D91.D91259-D91365
MSUX.ND.D92.D92001-D92366
MSUX.ND.D93.D93001-D93365
MSUX.ND.D94.D94001-D94365
MSUX.ND.D95.D95001-D95365
MSUX.ND.D96.D96001-D96366
MSUX.ND.D97.D97001-D97365
MSUX.ND.D98.D98001-D98348
MSUX.NE.D83.D83123-D83365
MSUX.NE.D84.D84001-D84172
MSUX.NE.D85.D85182-D85287
MSUX.NF.D85.D85056-D85365
MSUX.NF.D86.D86001-D86365
MSUX.NF.D87.D87001-D87365
MSUX.NF.D88.D88001-D88311
MSUX.NG.D86.D86329-D86365
MSUX.NG.D87.D87001-D87365
MSUX.NG.D88.D88001-D88366
MSUX.NG.D89.D89001-D89365
MSUX.NG.D90.D90001-D90365
MSUX.NG.D91.D91001-D91259
MSUX.NH.D88.D88313-D88366
MSUX.NH.D89.D89001-D89365
MSUX.NH.D90.D90001-D90365
MSUX.NH.D91.D91001-D91365
MSUX.NH.D92.D92001-D92366
MSUX.NH.D93.D93001-D93365
MSUX.NH.D94.D94001-D94365
MSUX.NH.D95.D95001-D95100
MSUX.NJ.D00.D00001-D00366
MSUX.NJ.D01.D01001-D01365
MSUX.NJ.D02.D02001-D02280
MSUX.NJ.D95.D95002-D95365
MSUX.NJ.D96.D96001-D96366
MSUX.NJ.D97.D97001-D97365
MSUX.NJ.D98.D98001-D98365
MSUX.NJ.D99.D99001-D99365
MSUX.TN.D78.D78365-D78365
MSUX.TN.D79.D79001-D79365
MSUX.TN.D80.D80001-D80030
s.-
