SSUS.NF.D88.D88310-D88310
SSUS.NH.D00.D00001-D00366
SSUS.NH.D01.D01001-D01365
SSUS.NH.D02.D02001-D02365
SSUS.NH.D03.D03001-D03365
SSUS.NH.D04.D04001-D04168
SSUS.NH.D88.D88315-D88363
SSUS.NH.D89.D89011-D89055
SSUS.NH.D97.D97196-D97365
SSUS.NH.D98.D98001-D98365
SSUS.NH.D99.D99001-D99365
SSUS.NJ.D02.D02281-D02365
SSUS.NJ.D03.D03001-D03365
SSUS.NJ.D04.D04001-D04366
SSUS.NJ.D05.D05001-D05365
SSUS.NJ.D06.D06001-D06283

SSUX.NC.D81.D81236-D81365
SSUX.NC.D82.D82001-D82365
SSUX.NC.D83.D83001-D83365
SSUX.NC.D84.D84001-D84366
SSUX.NC.D85.D85001-D85032
SSUX.NF.D85.D85056-D85365
SSUX.NF.D86.D86001-D86365
SSUX.NF.D87.D87001-D87365
SSUX.NF.D88.D88001-D88311
SSUX.NH.D88.D88313-D88366
SSUX.NH.D89.D89001-D89365
SSUX.NH.D90.D90001-D90365
SSUX.NH.D91.D91001-D91365
SSUX.NH.D92.D92001-D92366
SSUX.NH.D93.D93001-D93365
SSUX.NH.D94.D94001-D94365
SSUX.NH.D95.D95001-D95100
SSUX.NJ.D00.D00001-D00366
SSUX.NJ.D01.D01001-D01365
SSUX.NJ.D02.D02001-D02280
SSUX.NJ.D95.D95001-D95365
SSUX.NJ.D96.D96001-D96366
SSUX.NJ.D97.D97001-D97365
SSUX.NJ.D98.D98001-D98365
SSUX.NJ.D99.D99001-D99365
SSUX.TN.D78.D78365-D78365
SSUX.TN.D79.D79001-D79365
SSUX.TN.D80.D80001-D80030
s.-
